<?xml version="1.0" encoding="UTF-8"?>
<!-- Generated by org.testng.reporters.JUnitXMLReporter -->
<testsuite hostname="rquinn-mbp.local" name="CheapTrick" tests="28" failures="0" timestamp="15 Dec 2012 00:27:31 GMT" time="46.381" errors="0">
  <testcase name="HomePageFail" time="14.403" classname="com.zappos.ct.tests.Fail2_Test"/>
  <testcase name="HomePageFail" time="15.301" classname="com.zappos.ct.tests.Fail6_Test"/>
  <testcase name="HomePageFail" time="15.952" classname="com.zappos.ct.tests.Fail5_Test"/>
  <testcase name="HomePageFail" time="17.882" classname="com.zappos.ct.tests.Fail4_Test"/>
  <testcase name="HomePageFail" time="19.779" classname="com.zappos.ct.tests.Fail1_Test"/>
  <testcase name="HomePageFail" time="21.412" classname="com.zappos.ct.tests.Fail3_Test"/>
  <testcase name="HomePageTest" time="23.288" classname="com.zappos.ct.tests.Works4_Test"/>
  <testcase name="HomePageTest" time="24.726" classname="com.zappos.ct.tests.Works8_Test"/>
  <testcase name="HomePageTest" time="26.293" classname="com.zappos.ct.tests.Works12_Test"/>
  <testcase name="HomePageTest" time="26.44" classname="com.zappos.ct.tests.Works14_Test"/>
  <testcase name="HomePageTest" time="26.871" classname="com.zappos.ct.tests.Works9_Test"/>
  <testcase name="HomePageTest" time="28.349" classname="com.zappos.ct.tests.Works2_Test"/>
  <testcase name="HomePageTest" time="29.155" classname="com.zappos.ct.tests.Works16_Test"/>
  <testcase name="HomePageFail" time="30.278" classname="com.zappos.ct.tests.Fail_Test"/>
  <testcase name="HomePageTest" time="31.53" classname="com.zappos.ct.tests.Works10_Test"/>
  <testcase name="HomePageTest" time="31.578" classname="com.zappos.ct.tests.Works19_Test"/>
  <testcase name="HomePageTest" time="34.448" classname="com.zappos.ct.tests.Works15_Test"/>
  <testcase name="HomePageTest" time="34.449" classname="com.zappos.ct.tests.Works13_Test"/>
  <testcase name="HomePageTest" time="36.6" classname="com.zappos.ct.tests.Works3_Test"/>
  <testcase name="HomePageTest" time="38.511" classname="com.zappos.ct.tests.Works6_Test"/>
  <testcase name="HomePageTest" time="39.306" classname="com.zappos.ct.tests.Works17_Test"/>
  <testcase name="HomePageTest" time="40.776" classname="com.zappos.ct.tests.Works11_Test"/>
  <testcase name="HomePageTest" time="40.846" classname="com.zappos.ct.tests.Works20_Test"/>
  <testcase name="HomePageTest" time="44.5" classname="com.zappos.ct.tests.Works1_Test"/>
  <testcase name="HomePageTest" time="44.562" classname="com.zappos.ct.tests.Works5_Test"/>
  <testcase name="HomePageTest" time="44.894" classname="com.zappos.ct.tests.Works18_Test"/>
  <testcase name="HomePageTest" time="46.297" classname="com.zappos.ct.tests.Works_Test"/>
  <testcase name="HomePageTest" time="46.363" classname="com.zappos.ct.tests.Works7_Test"/>
</testsuite> <!-- CheapTrick -->
