<?xml version="1.0" encoding="UTF-8" ?>
<testsuite failures="10" time="30.261" errors="0" skipped="0" tests="11" name="TestSuite">
  <properties>
[...]
</properties>
  <testcase time="9.651" classname="com.zappos.ct.tests.Works10_Test" name="HomePageTest"/>
  <testcase time="2.003" classname="com.zappos.ct.tests.Works11_Test" name="HomePageTest">
    <failure message="Session ID is null
Build info: version: &apos;2.28.0&apos;, revision: &apos;18309&apos;, time: &apos;2012-12-11 15:53:30&apos;
System info: os.name: &apos;Mac OS X&apos;, os.arch: &apos;x86_64&apos;, os.version: &apos;10.8.2&apos;, java.version: &apos;1.6.0_37&apos;
Driver info: driver.version: RemoteWebDriver" type="org.openqa.selenium.remote.SessionNotFoundException">org.openqa.selenium.remote.SessionNotFoundException: Session ID is null
Build info: version: &apos;2.28.0&apos;, revision: &apos;18309&apos;, time: &apos;2012-12-11 15:53:30&apos;
System info: os.name: &apos;Mac OS X&apos;, os.arch: &apos;x86_64&apos;, os.version: &apos;10.8.2&apos;, java.version: &apos;1.6.0_37&apos;
Driver info: driver.version: RemoteWebDriver
	at org.openqa.selenium.remote.HttpCommandExecutor.execute(HttpCommandExecutor.java:289)
	at org.openqa.selenium.remote.RemoteWebDriver.execute(RemoteWebDriver.java:506)
	at org.openqa.selenium.remote.RemoteWebDriver.get(RemoteWebDriver.java:276)
	at com.zappos.ct.tests.Works11_Test.HomePageTest(Works11_Test.java:24)
</failure>
  </testcase>
  <testcase time="2.001" classname="com.zappos.ct.tests.Works12_Test" name="HomePageTest">
    <failure message="Session ID is null
Build info: version: &apos;2.28.0&apos;, revision: &apos;18309&apos;, time: &apos;2012-12-11 15:53:30&apos;
System info: os.name: &apos;Mac OS X&apos;, os.arch: &apos;x86_64&apos;, os.version: &apos;10.8.2&apos;, java.version: &apos;1.6.0_37&apos;
Driver info: driver.version: RemoteWebDriver" type="org.openqa.selenium.remote.SessionNotFoundException">org.openqa.selenium.remote.SessionNotFoundException: Session ID is null
Build info: version: &apos;2.28.0&apos;, revision: &apos;18309&apos;, time: &apos;2012-12-11 15:53:30&apos;
System info: os.name: &apos;Mac OS X&apos;, os.arch: &apos;x86_64&apos;, os.version: &apos;10.8.2&apos;, java.version: &apos;1.6.0_37&apos;
Driver info: driver.version: RemoteWebDriver
	at org.openqa.selenium.remote.HttpCommandExecutor.execute(HttpCommandExecutor.java:289)
	at org.openqa.selenium.remote.RemoteWebDriver.execute(RemoteWebDriver.java:506)
	at org.openqa.selenium.remote.RemoteWebDriver.get(RemoteWebDriver.java:276)
	at com.zappos.ct.tests.Works12_Test.HomePageTest(Works12_Test.java:24)
</failure>
  </testcase>
  <testcase time="2.001" classname="com.zappos.ct.tests.Works13_Test" name="HomePageTest">
    <failure message="Session ID is null
Build info: version: &apos;2.28.0&apos;, revision: &apos;18309&apos;, time: &apos;2012-12-11 15:53:30&apos;
System info: os.name: &apos;Mac OS X&apos;, os.arch: &apos;x86_64&apos;, os.version: &apos;10.8.2&apos;, java.version: &apos;1.6.0_37&apos;
Driver info: driver.version: RemoteWebDriver" type="org.openqa.selenium.remote.SessionNotFoundException">org.openqa.selenium.remote.SessionNotFoundException: Session ID is null
Build info: version: &apos;2.28.0&apos;, revision: &apos;18309&apos;, time: &apos;2012-12-11 15:53:30&apos;
System info: os.name: &apos;Mac OS X&apos;, os.arch: &apos;x86_64&apos;, os.version: &apos;10.8.2&apos;, java.version: &apos;1.6.0_37&apos;
Driver info: driver.version: RemoteWebDriver
	at org.openqa.selenium.remote.HttpCommandExecutor.execute(HttpCommandExecutor.java:289)
	at org.openqa.selenium.remote.RemoteWebDriver.execute(RemoteWebDriver.java:506)
	at org.openqa.selenium.remote.RemoteWebDriver.get(RemoteWebDriver.java:276)
	at com.zappos.ct.tests.Works13_Test.HomePageTest(Works13_Test.java:24)
</failure>
  </testcase>
  <testcase time="2.001" classname="com.zappos.ct.tests.Works14_Test" name="HomePageTest">
    <failure message="Session ID is null
Build info: version: &apos;2.28.0&apos;, revision: &apos;18309&apos;, time: &apos;2012-12-11 15:53:30&apos;
System info: os.name: &apos;Mac OS X&apos;, os.arch: &apos;x86_64&apos;, os.version: &apos;10.8.2&apos;, java.version: &apos;1.6.0_37&apos;
Driver info: driver.version: RemoteWebDriver" type="org.openqa.selenium.remote.SessionNotFoundException">org.openqa.selenium.remote.SessionNotFoundException: Session ID is null
Build info: version: &apos;2.28.0&apos;, revision: &apos;18309&apos;, time: &apos;2012-12-11 15:53:30&apos;
System info: os.name: &apos;Mac OS X&apos;, os.arch: &apos;x86_64&apos;, os.version: &apos;10.8.2&apos;, java.version: &apos;1.6.0_37&apos;
Driver info: driver.version: RemoteWebDriver
	at org.openqa.selenium.remote.HttpCommandExecutor.execute(HttpCommandExecutor.java:289)
	at org.openqa.selenium.remote.RemoteWebDriver.execute(RemoteWebDriver.java:506)
	at org.openqa.selenium.remote.RemoteWebDriver.get(RemoteWebDriver.java:276)
	at com.zappos.ct.tests.Works14_Test.HomePageTest(Works14_Test.java:24)
</failure>
  </testcase>
  <testcase time="2.001" classname="com.zappos.ct.tests.Works15_Test" name="HomePageTest">
    <failure message="Session ID is null
Build info: version: &apos;2.28.0&apos;, revision: &apos;18309&apos;, time: &apos;2012-12-11 15:53:30&apos;
System info: os.name: &apos;Mac OS X&apos;, os.arch: &apos;x86_64&apos;, os.version: &apos;10.8.2&apos;, java.version: &apos;1.6.0_37&apos;
Driver info: driver.version: RemoteWebDriver" type="org.openqa.selenium.remote.SessionNotFoundException">org.openqa.selenium.remote.SessionNotFoundException: Session ID is null
Build info: version: &apos;2.28.0&apos;, revision: &apos;18309&apos;, time: &apos;2012-12-11 15:53:30&apos;
System info: os.name: &apos;Mac OS X&apos;, os.arch: &apos;x86_64&apos;, os.version: &apos;10.8.2&apos;, java.version: &apos;1.6.0_37&apos;
Driver info: driver.version: RemoteWebDriver
	at org.openqa.selenium.remote.HttpCommandExecutor.execute(HttpCommandExecutor.java:289)
	at org.openqa.selenium.remote.RemoteWebDriver.execute(RemoteWebDriver.java:506)
	at org.openqa.selenium.remote.RemoteWebDriver.get(RemoteWebDriver.java:276)
	at com.zappos.ct.tests.Works15_Test.HomePageTest(Works15_Test.java:24)
</failure>
  </testcase>
  <testcase time="2.002" classname="com.zappos.ct.tests.Works16_Test" name="HomePageTest">
    <failure message="Session ID is null
Build info: version: &apos;2.28.0&apos;, revision: &apos;18309&apos;, time: &apos;2012-12-11 15:53:30&apos;
System info: os.name: &apos;Mac OS X&apos;, os.arch: &apos;x86_64&apos;, os.version: &apos;10.8.2&apos;, java.version: &apos;1.6.0_37&apos;
Driver info: driver.version: RemoteWebDriver" type="org.openqa.selenium.remote.SessionNotFoundException">org.openqa.selenium.remote.SessionNotFoundException: Session ID is null
Build info: version: &apos;2.28.0&apos;, revision: &apos;18309&apos;, time: &apos;2012-12-11 15:53:30&apos;
System info: os.name: &apos;Mac OS X&apos;, os.arch: &apos;x86_64&apos;, os.version: &apos;10.8.2&apos;, java.version: &apos;1.6.0_37&apos;
Driver info: driver.version: RemoteWebDriver
	at org.openqa.selenium.remote.HttpCommandExecutor.execute(HttpCommandExecutor.java:289)
	at org.openqa.selenium.remote.RemoteWebDriver.execute(RemoteWebDriver.java:506)
	at org.openqa.selenium.remote.RemoteWebDriver.get(RemoteWebDriver.java:276)
	at com.zappos.ct.tests.Works16_Test.HomePageTest(Works16_Test.java:24)
</failure>
  </testcase>
  <testcase time="2.001" classname="com.zappos.ct.tests.Works17_Test" name="HomePageTest">
    <failure message="Session ID is null
Build info: version: &apos;2.28.0&apos;, revision: &apos;18309&apos;, time: &apos;2012-12-11 15:53:30&apos;
System info: os.name: &apos;Mac OS X&apos;, os.arch: &apos;x86_64&apos;, os.version: &apos;10.8.2&apos;, java.version: &apos;1.6.0_37&apos;
Driver info: driver.version: RemoteWebDriver" type="org.openqa.selenium.remote.SessionNotFoundException">org.openqa.selenium.remote.SessionNotFoundException: Session ID is null
Build info: version: &apos;2.28.0&apos;, revision: &apos;18309&apos;, time: &apos;2012-12-11 15:53:30&apos;
System info: os.name: &apos;Mac OS X&apos;, os.arch: &apos;x86_64&apos;, os.version: &apos;10.8.2&apos;, java.version: &apos;1.6.0_37&apos;
Driver info: driver.version: RemoteWebDriver
	at org.openqa.selenium.remote.HttpCommandExecutor.execute(HttpCommandExecutor.java:289)
	at org.openqa.selenium.remote.RemoteWebDriver.execute(RemoteWebDriver.java:506)
	at org.openqa.selenium.remote.RemoteWebDriver.get(RemoteWebDriver.java:276)
	at com.zappos.ct.tests.Works17_Test.HomePageTest(Works17_Test.java:24)
</failure>
  </testcase>
  <testcase time="2.002" classname="com.zappos.ct.tests.Works18_Test" name="HomePageTest">
    <failure message="Session ID is null
Build info: version: &apos;2.28.0&apos;, revision: &apos;18309&apos;, time: &apos;2012-12-11 15:53:30&apos;
System info: os.name: &apos;Mac OS X&apos;, os.arch: &apos;x86_64&apos;, os.version: &apos;10.8.2&apos;, java.version: &apos;1.6.0_37&apos;
Driver info: driver.version: RemoteWebDriver" type="org.openqa.selenium.remote.SessionNotFoundException">org.openqa.selenium.remote.SessionNotFoundException: Session ID is null
Build info: version: &apos;2.28.0&apos;, revision: &apos;18309&apos;, time: &apos;2012-12-11 15:53:30&apos;
System info: os.name: &apos;Mac OS X&apos;, os.arch: &apos;x86_64&apos;, os.version: &apos;10.8.2&apos;, java.version: &apos;1.6.0_37&apos;
Driver info: driver.version: RemoteWebDriver
	at org.openqa.selenium.remote.HttpCommandExecutor.execute(HttpCommandExecutor.java:289)
	at org.openqa.selenium.remote.RemoteWebDriver.execute(RemoteWebDriver.java:506)
	at org.openqa.selenium.remote.RemoteWebDriver.get(RemoteWebDriver.java:276)
	at com.zappos.ct.tests.Works18_Test.HomePageTest(Works18_Test.java:24)
</failure>
  </testcase>
  <testcase time="2.002" classname="com.zappos.ct.tests.Works19_Test" name="HomePageTest">
    <failure message="Session ID is null
Build info: version: &apos;2.28.0&apos;, revision: &apos;18309&apos;, time: &apos;2012-12-11 15:53:30&apos;
System info: os.name: &apos;Mac OS X&apos;, os.arch: &apos;x86_64&apos;, os.version: &apos;10.8.2&apos;, java.version: &apos;1.6.0_37&apos;
Driver info: driver.version: RemoteWebDriver" type="org.openqa.selenium.remote.SessionNotFoundException">org.openqa.selenium.remote.SessionNotFoundException: Session ID is null
Build info: version: &apos;2.28.0&apos;, revision: &apos;18309&apos;, time: &apos;2012-12-11 15:53:30&apos;
System info: os.name: &apos;Mac OS X&apos;, os.arch: &apos;x86_64&apos;, os.version: &apos;10.8.2&apos;, java.version: &apos;1.6.0_37&apos;
Driver info: driver.version: RemoteWebDriver
	at org.openqa.selenium.remote.HttpCommandExecutor.execute(HttpCommandExecutor.java:289)
	at org.openqa.selenium.remote.RemoteWebDriver.execute(RemoteWebDriver.java:506)
	at org.openqa.selenium.remote.RemoteWebDriver.get(RemoteWebDriver.java:276)
	at com.zappos.ct.tests.Works19_Test.HomePageTest(Works19_Test.java:24)
</failure>
  </testcase>
  <testcase time="2.002" classname="com.zappos.ct.tests.Works20_Test" name="HomePageTest">
    <failure message="Session ID is null
Build info: version: &apos;2.28.0&apos;, revision: &apos;18309&apos;, time: &apos;2012-12-11 15:53:30&apos;
System info: os.name: &apos;Mac OS X&apos;, os.arch: &apos;x86_64&apos;, os.version: &apos;10.8.2&apos;, java.version: &apos;1.6.0_37&apos;
Driver info: driver.version: RemoteWebDriver" type="org.openqa.selenium.remote.SessionNotFoundException">org.openqa.selenium.remote.SessionNotFoundException: Session ID is null
Build info: version: &apos;2.28.0&apos;, revision: &apos;18309&apos;, time: &apos;2012-12-11 15:53:30&apos;
System info: os.name: &apos;Mac OS X&apos;, os.arch: &apos;x86_64&apos;, os.version: &apos;10.8.2&apos;, java.version: &apos;1.6.0_37&apos;
Driver info: driver.version: RemoteWebDriver
	at org.openqa.selenium.remote.HttpCommandExecutor.execute(HttpCommandExecutor.java:289)
	at org.openqa.selenium.remote.RemoteWebDriver.execute(RemoteWebDriver.java:506)
	at org.openqa.selenium.remote.RemoteWebDriver.get(RemoteWebDriver.java:276)
	at com.zappos.ct.tests.Works20_Test.HomePageTest(Works20_Test.java:24)
</failure>
  </testcase>
</testsuite>